<?xml version="1.0" encoding="UTF-8"?>
<!-- Generated by org.testng.reporters.JUnitReportReporter -->
<testsuite hostname="LAPTOP-EA67ME43" failures="0" tests="1" name="rahulsethy.Radiobtn" time="23.323" errors="0" timestamp="2024-04-07T14:17:43 IST" skipped="0">
  <testcase classname="rahulsethy.Radiobtn" name="M2" time="23.323"/>
</testsuite> <!-- rahulsethy.Radiobtn -->
